# JRE version: Java(TM) SE Runtime Environment (8.0_11-b12) (build 1.8.0_11-b12)
# Java VM: Java HotSpot(TM) 64-Bit Server VM (25.11-b03 mixed mode windows-amd64 compressed oops)
Heap:
 PSYoungGen      total 254976K, used 74944K [0x00000000eab00000, 0x00000000ff300000, 0x0000000100000000)
  eden space 179200K, 32% used [0x00000000eab00000,0x00000000ee410130,0x00000000f5a00000)
  from space 75776K, 21% used [0x00000000f5a00000,0x00000000f6a1ffb0,0x00000000fa400000)
  to   space 71680K, 0% used [0x00000000fad00000,0x00000000fad00000,0x00000000ff300000)
 ParOldGen       total 446976K, used 220846K [0x00000000c0000000, 0x00000000db480000, 0x00000000eab00000)
  object space 446976K, 49% used [0x00000000c0000000,0x00000000cd7abb08,0x00000000db480000)
 Metaspace       used 201405K, capacity 211626K, committed 216064K, reserved 1232896K
  class space    used 28543K, capacity 31905K, committed 33024K, reserved 1048576K
GC Heap History (10 events):
Event: 4331.895 GC heap before
{Heap before GC invocations=247 (full 33):
 PSYoungGen      total 260096K, used 171008K [0x00000000eab00000, 0x0000000100000000, 0x0000000100000000)
  eden space 171008K, 100% used [0x00000000eab00000,0x00000000f5200000,0x00000000f5200000)
  from space 89088K, 0% used [0x00000000f5200000,0x00000000f5200000,0x00000000fa900000)
  to   space 86016K, 0% used [0x00000000fac00000,0x00000000fac00000,0x0000000100000000)
 ParOldGen       total 446976K, used 302872K [0x00000000c0000000, 0x00000000db480000, 0x00000000eab00000)
  object space 446976K, 67% used [0x00000000c0000000,0x00000000d27c63e8,0x00000000db480000)
 Metaspace       used 191246K, capacity 200260K, committed 205824K, reserved 1224704K
  class space    used 26924K, capacity 29809K, committed 31232K, reserved 1048576K
Event: 4331.938 GC heap after
Heap after GC invocations=247 (full 33):
 PSYoungGen      total 250880K, used 8736K [0x00000000eab00000, 0x00000000ff700000, 0x0000000100000000)
  eden space 174080K, 0% used [0x00000000eab00000,0x00000000eab00000,0x00000000f5500000)
  from space 76800K, 11% used [0x00000000fac00000,0x00000000fb488000,0x00000000ff700000)
  to   space 82944K, 0% used [0x00000000f5500000,0x00000000f5500000,0x00000000fa600000)
 ParOldGen       total 446976K, used 302872K [0x00000000c0000000, 0x00000000db480000, 0x00000000eab00000)
  object space 446976K, 67% used [0x00000000c0000000,0x00000000d27c63e8,0x00000000db480000)
 Metaspace       used 191246K, capacity 200260K, committed 205824K, reserved 1224704K
  class space    used 26924K, capacity 29809K, committed 31232K, reserved 1048576K
}
Event: 4398.328 GC heap before
{Heap before GC invocations=248 (full 33):
 PSYoungGen      total 250880K, used 135778K [0x00000000eab00000, 0x00000000ff700000, 0x0000000100000000)
  eden space 174080K, 72% used [0x00000000eab00000,0x00000000f27108f0,0x00000000f5500000)
  from space 76800K, 11% used [0x00000000fac00000,0x00000000fb488000,0x00000000ff700000)
  to   space 82944K, 0% used [0x00000000f5500000,0x00000000f5500000,0x00000000fa600000)
 ParOldGen       total 446976K, used 302872K [0x00000000c0000000, 0x00000000db480000, 0x00000000eab00000)
  object space 446976K, 67% used [0x00000000c0000000,0x00000000d27c63e8,0x00000000db480000)
 Metaspace       used 192869K, capacity 201906K, committed 207488K, reserved 1224704K
  class space    used 27207K, capacity 30146K, committed 31616K, reserved 1048576K
Event: 4398.350 GC heap after
Heap after GC invocations=248 (full 33):
 PSYoungGen      total 178688K, used 4275K [0x00000000eab00000, 0x00000000ff300000, 0x0000000100000000)
  eden space 174080K, 0% used [0x00000000eab00000,0x00000000eab00000,0x00000000f5500000)
  from space 4608K, 92% used [0x00000000f5500000,0x00000000f592cfe8,0x00000000f5980000)
  to   space 80896K, 0% used [0x00000000fa400000,0x00000000fa400000,0x00000000ff300000)
 ParOldGen       total 446976K, used 308952K [0x00000000c0000000, 0x00000000db480000, 0x00000000eab00000)
  object space 446976K, 69% used [0x00000000c0000000,0x00000000d2db63e8,0x00000000db480000)
 Metaspace       used 192869K, capacity 201906K, committed 207488K, reserved 1224704K
  class space    used 27207K, capacity 30146K, committed 31616K, reserved 1048576K
}
Event: 4398.350 GC heap before
{Heap before GC invocations=249 (full 34):
 PSYoungGen      total 178688K, used 4275K [0x00000000eab00000, 0x00000000ff300000, 0x0000000100000000)
  eden space 174080K, 0% used [0x00000000eab00000,0x00000000eab00000,0x00000000f5500000)
  from space 4608K, 92% used [0x00000000f5500000,0x00000000f592cfe8,0x00000000f5980000)
  to   space 80896K, 0% used [0x00000000fa400000,0x00000000fa400000,0x00000000ff300000)
 ParOldGen       total 446976K, used 308952K [0x00000000c0000000, 0x00000000db480000, 0x00000000eab00000)
  object space 446976K, 69% used [0x00000000c0000000,0x00000000d2db63e8,0x00000000db480000)
 Metaspace       used 192869K, capacity 201906K, committed 207488K, reserved 1224704K
  class space    used 27207K, capacity 30146K, committed 31616K, reserved 1048576K
Event: 4399.678 GC heap after
Heap after GC invocations=249 (full 34):
 PSYoungGen      total 178688K, used 0K [0x00000000eab00000, 0x00000000ff300000, 0x0000000100000000)
  eden space 174080K, 0% used [0x00000000eab00000,0x00000000eab00000,0x00000000f5500000)
  from space 4608K, 0% used [0x00000000f5500000,0x00000000f5500000,0x00000000f5980000)
  to   space 80896K, 0% used [0x00000000fa400000,0x00000000fa400000,0x00000000ff300000)
 ParOldGen       total 446976K, used 207106K [0x00000000c0000000, 0x00000000db480000, 0x00000000eab00000)
  object space 446976K, 46% used [0x00000000c0000000,0x00000000cca40ab0,0x00000000db480000)
 Metaspace       used 192869K, capacity 201906K, committed 207488K, reserved 1224704K
  class space    used 27207K, capacity 30146K, committed 31616K, reserved 1048576K
}
Event: 4599.078 GC heap before
{Heap before GC invocations=250 (full 34):
 PSYoungGen      total 178688K, used 174080K [0x00000000eab00000, 0x00000000ff300000, 0x0000000100000000)
  eden space 174080K, 100% used [0x00000000eab00000,0x00000000f5500000,0x00000000f5500000)
  from space 4608K, 0% used [0x00000000f5500000,0x00000000f5500000,0x00000000f5980000)
  to   space 80896K, 0% used [0x00000000fa400000,0x00000000fa400000,0x00000000ff300000)
 ParOldGen       total 446976K, used 207106K [0x00000000c0000000, 0x00000000db480000, 0x00000000eab00000)
  object space 446976K, 46% used [0x00000000c0000000,0x00000000cca40ab0,0x00000000db480000)
 Metaspace       used 197938K, capacity 207544K, committed 212608K, reserved 1228800K
  class space    used 27948K, capacity 31100K, committed 32384K, reserved 1048576K
Event: 4599.099 GC heap after
Heap after GC invocations=250 (full 34):
 PSYoungGen      total 260096K, used 19117K [0x00000000eab00000, 0x0000000100000000, 0x0000000100000000)
  eden space 179200K, 0% used [0x00000000eab00000,0x00000000eab00000,0x00000000f5a00000)
  from space 80896K, 23% used [0x00000000fa400000,0x00000000fb6ab668,0x00000000ff300000)
  to   space 75776K, 0% used [0x00000000f5a00000,0x00000000f5a00000,0x00000000fa400000)
 ParOldGen       total 446976K, used 207114K [0x00000000c0000000, 0x00000000db480000, 0x00000000eab00000)
  object space 446976K, 46% used [0x00000000c0000000,0x00000000cca42ab0,0x00000000db480000)
 Metaspace       used 197938K, capacity 207544K, committed 212608K, reserved 1228800K
  class space    used 27948K, capacity 31100K, committed 32384K, reserved 1048576K
}
Event: 4600.108 GC heap before
{Heap before GC invocations=251 (full 34):
 PSYoungGen      total 260096K, used 198317K [0x00000000eab00000, 0x0000000100000000, 0x0000000100000000)
  eden space 179200K, 100% used [0x00000000eab00000,0x00000000f5a00000,0x00000000f5a00000)
  from space 80896K, 23% used [0x00000000fa400000,0x00000000fb6ab668,0x00000000ff300000)
  to   space 75776K, 0% used [0x00000000f5a00000,0x00000000f5a00000,0x00000000fa400000)
 ParOldGen       total 446976K, used 207114K [0x00000000c0000000, 0x00000000db480000, 0x00000000eab00000)
  object space 446976K, 46% used [0x00000000c0000000,0x00000000cca42ab0,0x00000000db480000)
 Metaspace       used 200919K, capacity 210822K, committed 215680K, reserved 1232896K
  class space    used 28424K, capacity 31711K, committed 32896K, reserved 1048576K
Event: 4600.136 GC heap after
Heap after GC invocations=251 (full 34):
 PSYoungGen      total 254976K, used 16511K [0x00000000eab00000, 0x00000000ff300000, 0x0000000100000000)
  eden space 179200K, 0% used [0x00000000eab00000,0x00000000eab00000,0x00000000f5a00000)
  from space 75776K, 21% used [0x00000000f5a00000,0x00000000f6a1ffb0,0x00000000fa400000)
  to   space 71680K, 0% used [0x00000000fad00000,0x00000000fad00000,0x00000000ff300000)
 ParOldGen       total 446976K, used 220846K [0x00000000c0000000, 0x00000000db480000, 0x00000000eab00000)
  object space 446976K, 49% used [0x00000000c0000000,0x00000000cd7abb08,0x00000000db480000)
 Metaspace       used 200919K, capacity 210822K, committed 215680K, reserved 1232896K
  class space    used 28424K, capacity 31711K, committed 32896K, reserved 1048576K
}

