# JRE version: Java(TM) SE Runtime Environment (8.0_11-b12) (build 1.8.0_11-b12)
# Java VM: Java HotSpot(TM) 64-Bit Server VM (25.11-b03 mixed mode windows-amd64 compressed oops)
Heap:
 PSYoungGen      total 244224K, used 129361K [0x00000000eab00000, 0x00000000ff180000, 0x0000000100000000)
  eden space 159744K, 71% used [0x00000000eab00000,0x00000000f1a17110,0x00000000f4700000)
  from space 84480K, 18% used [0x00000000f4700000,0x00000000f563d498,0x00000000f9980000)
  to   space 79872K, 0% used [0x00000000fa380000,0x00000000fa380000,0x00000000ff180000)
 ParOldGen       total 392192K, used 180808K [0x00000000c0000000, 0x00000000d7f00000, 0x00000000eab00000)
  object space 392192K, 46% used [0x00000000c0000000,0x00000000cb092020,0x00000000d7f00000)
 Metaspace       used 161667K, capacity 172124K, committed 174464K, reserved 1196032K
  class space    used 22965K, capacity 26420K, committed 27008K, reserved 1048576K
GC Heap History (10 events):
Event: 8518.703 GC heap before
{Heap before GC invocations=274 (full 38):
 PSYoungGen      total 243712K, used 155456K [0x00000000eab00000, 0x00000000ff800000, 0x0000000100000000)
  eden space 144384K, 100% used [0x00000000eab00000,0x00000000f3800000,0x00000000f3800000)
  from space 99328K, 11% used [0x00000000f3800000,0x00000000f42d0000,0x00000000f9900000)
  to   space 95744K, 0% used [0x00000000f9a80000,0x00000000f9a80000,0x00000000ff800000)
 ParOldGen       total 392192K, used 259148K [0x00000000c0000000, 0x00000000d7f00000, 0x00000000eab00000)
  object space 392192K, 66% used [0x00000000c0000000,0x00000000cfd13108,0x00000000d7f00000)
 Metaspace       used 151587K, capacity 160736K, committed 164992K, reserved 1187840K
  class space    used 21362K, capacity 24354K, committed 25728K, reserved 1048576K
Event: 8518.743 GC heap after
Heap after GC invocations=274 (full 38):
 PSYoungGen      total 247296K, used 4800K [0x00000000eab00000, 0x00000000ff780000, 0x0000000100000000)
  eden space 152064K, 0% used [0x00000000eab00000,0x00000000eab00000,0x00000000f3f80000)
  from space 95232K, 5% used [0x00000000f9a80000,0x00000000f9f30000,0x00000000ff780000)
  to   space 93184K, 0% used [0x00000000f3f80000,0x00000000f3f80000,0x00000000f9a80000)
 ParOldGen       total 392192K, used 270260K [0x00000000c0000000, 0x00000000d7f00000, 0x00000000eab00000)
  object space 392192K, 68% used [0x00000000c0000000,0x00000000d07ed108,0x00000000d7f00000)
 Metaspace       used 151587K, capacity 160736K, committed 164992K, reserved 1187840K
  class space    used 21362K, capacity 24354K, committed 25728K, reserved 1048576K
}
Event: 8578.055 GC heap before
{Heap before GC invocations=275 (full 38):
 PSYoungGen      total 247296K, used 101162K [0x00000000eab00000, 0x00000000ff780000, 0x0000000100000000)
  eden space 152064K, 63% used [0x00000000eab00000,0x00000000f091abc0,0x00000000f3f80000)
  from space 95232K, 5% used [0x00000000f9a80000,0x00000000f9f30000,0x00000000ff780000)
  to   space 93184K, 0% used [0x00000000f3f80000,0x00000000f3f80000,0x00000000f9a80000)
 ParOldGen       total 392192K, used 270260K [0x00000000c0000000, 0x00000000d7f00000, 0x00000000eab00000)
  object space 392192K, 68% used [0x00000000c0000000,0x00000000d07ed108,0x00000000d7f00000)
 Metaspace       used 153210K, capacity 162376K, committed 165760K, reserved 1189888K
  class space    used 21645K, capacity 24690K, committed 25728K, reserved 1048576K
Event: 8578.079 GC heap after
Heap after GC invocations=275 (full 38):
 PSYoungGen      total 156672K, used 4323K [0x00000000eab00000, 0x00000000ff180000, 0x0000000100000000)
  eden space 152064K, 0% used [0x00000000eab00000,0x00000000eab00000,0x00000000f3f80000)
  from space 4608K, 93% used [0x00000000f3f80000,0x00000000f43b8fd8,0x00000000f4400000)
  to   space 90112K, 0% used [0x00000000f9980000,0x00000000f9980000,0x00000000ff180000)
 ParOldGen       total 392192K, used 273732K [0x00000000c0000000, 0x00000000d7f00000, 0x00000000eab00000)
  object space 392192K, 69% used [0x00000000c0000000,0x00000000d0b51108,0x00000000d7f00000)
 Metaspace       used 153210K, capacity 162376K, committed 165760K, reserved 1189888K
  class space    used 21645K, capacity 24690K, committed 25728K, reserved 1048576K
}
Event: 8578.079 GC heap before
{Heap before GC invocations=276 (full 39):
 PSYoungGen      total 156672K, used 4323K [0x00000000eab00000, 0x00000000ff180000, 0x0000000100000000)
  eden space 152064K, 0% used [0x00000000eab00000,0x00000000eab00000,0x00000000f3f80000)
  from space 4608K, 93% used [0x00000000f3f80000,0x00000000f43b8fd8,0x00000000f4400000)
  to   space 90112K, 0% used [0x00000000f9980000,0x00000000f9980000,0x00000000ff180000)
 ParOldGen       total 392192K, used 273732K [0x00000000c0000000, 0x00000000d7f00000, 0x00000000eab00000)
  object space 392192K, 69% used [0x00000000c0000000,0x00000000d0b51108,0x00000000d7f00000)
 Metaspace       used 153210K, capacity 162376K, committed 165760K, reserved 1189888K
  class space    used 21645K, capacity 24690K, committed 25728K, reserved 1048576K
Event: 8578.617 GC heap after
Heap after GC invocations=276 (full 39):
 PSYoungGen      total 156672K, used 0K [0x00000000eab00000, 0x00000000ff180000, 0x0000000100000000)
  eden space 152064K, 0% used [0x00000000eab00000,0x00000000eab00000,0x00000000f3f80000)
  from space 4608K, 0% used [0x00000000f3f80000,0x00000000f3f80000,0x00000000f4400000)
  to   space 90112K, 0% used [0x00000000f9980000,0x00000000f9980000,0x00000000ff180000)
 ParOldGen       total 392192K, used 168699K [0x00000000c0000000, 0x00000000d7f00000, 0x00000000eab00000)
  object space 392192K, 43% used [0x00000000c0000000,0x00000000ca4bee10,0x00000000d7f00000)
 Metaspace       used 153210K, capacity 162376K, committed 165760K, reserved 1189888K
  class space    used 21645K, capacity 24690K, committed 25728K, reserved 1048576K
}
Event: 8584.331 GC heap before
{Heap before GC invocations=277 (full 39):
 PSYoungGen      total 156672K, used 152064K [0x00000000eab00000, 0x00000000ff180000, 0x0000000100000000)
  eden space 152064K, 100% used [0x00000000eab00000,0x00000000f3f80000,0x00000000f3f80000)
  from space 4608K, 0% used [0x00000000f3f80000,0x00000000f3f80000,0x00000000f4400000)
  to   space 90112K, 0% used [0x00000000f9980000,0x00000000f9980000,0x00000000ff180000)
 ParOldGen       total 392192K, used 168699K [0x00000000c0000000, 0x00000000d7f00000, 0x00000000eab00000)
  object space 392192K, 43% used [0x00000000c0000000,0x00000000ca4bee10,0x00000000d7f00000)
 Metaspace       used 157647K, capacity 167258K, committed 170496K, reserved 1193984K
  class space    used 22274K, capacity 25483K, committed 26368K, reserved 1048576K
Event: 8584.343 GC heap after
Heap after GC invocations=277 (full 39):
 PSYoungGen      total 249856K, used 17056K [0x00000000eab00000, 0x00000000ff980000, 0x0000000100000000)
  eden space 159744K, 0% used [0x00000000eab00000,0x00000000eab00000,0x00000000f4700000)
  from space 90112K, 18% used [0x00000000f9980000,0x00000000faa28148,0x00000000ff180000)
  to   space 84480K, 0% used [0x00000000f4700000,0x00000000f4700000,0x00000000f9980000)
 ParOldGen       total 392192K, used 168707K [0x00000000c0000000, 0x00000000d7f00000, 0x00000000eab00000)
  object space 392192K, 43% used [0x00000000c0000000,0x00000000ca4c0e10,0x00000000d7f00000)
 Metaspace       used 157647K, capacity 167258K, committed 170496K, reserved 1193984K
  class space    used 22274K, capacity 25483K, committed 26368K, reserved 1048576K
}
Event: 8585.235 GC heap before
{Heap before GC invocations=278 (full 39):
 PSYoungGen      total 249856K, used 176800K [0x00000000eab00000, 0x00000000ff980000, 0x0000000100000000)
  eden space 159744K, 100% used [0x00000000eab00000,0x00000000f4700000,0x00000000f4700000)
  from space 90112K, 18% used [0x00000000f9980000,0x00000000faa28148,0x00000000ff180000)
  to   space 84480K, 0% used [0x00000000f4700000,0x00000000f4700000,0x00000000f9980000)
 ParOldGen       total 392192K, used 168707K [0x00000000c0000000, 0x00000000d7f00000, 0x00000000eab00000)
  object space 392192K, 43% used [0x00000000c0000000,0x00000000ca4c0e10,0x00000000d7f00000)
 Metaspace       used 160543K, capacity 170588K, committed 173312K, reserved 1196032K
  class space    used 22760K, capacity 26159K, committed 26880K, reserved 1048576K
Event: 8585.264 GC heap after
Heap after GC invocations=278 (full 39):
 PSYoungGen      total 244224K, used 15605K [0x00000000eab00000, 0x00000000ff180000, 0x0000000100000000)
  eden space 159744K, 0% used [0x00000000eab00000,0x00000000eab00000,0x00000000f4700000)
  from space 84480K, 18% used [0x00000000f4700000,0x00000000f563d498,0x00000000f9980000)
  to   space 79872K, 0% used [0x00000000fa380000,0x00000000fa380000,0x00000000ff180000)
 ParOldGen       total 392192K, used 180808K [0x00000000c0000000, 0x00000000d7f00000, 0x00000000eab00000)
  object space 392192K, 46% used [0x00000000c0000000,0x00000000cb092020,0x00000000d7f00000)
 Metaspace       used 160543K, capacity 170588K, committed 173312K, reserved 1196032K
  class space    used 22760K, capacity 26159K, committed 26880K, reserved 1048576K
}

