# JRE version: Java(TM) SE Runtime Environment (8.0_11-b12) (build 1.8.0_11-b12)
# Java VM: Java HotSpot(TM) 64-Bit Server VM (25.11-b03 mixed mode windows-amd64 compressed oops)
Heap:
 PSYoungGen      total 266752K, used 76765K [0x00000000eab00000, 0x00000000ff500000, 0x0000000100000000)
  eden space 201728K, 38% used [0x00000000eab00000,0x00000000ef5f7668,0x00000000f7000000)
  from space 65024K, 0% used [0x00000000fb580000,0x00000000fb580000,0x00000000ff500000)
  to   space 68096K, 0% used [0x00000000f7000000,0x00000000f7000000,0x00000000fb280000)
 ParOldGen       total 336896K, used 203590K [0x00000000c0000000, 0x00000000d4900000, 0x00000000eab00000)
  object space 336896K, 60% used [0x00000000c0000000,0x00000000cc6d1b40,0x00000000d4900000)
 Metaspace       used 139345K, capacity 148572K, committed 149504K, reserved 1175552K
  class space    used 19800K, capacity 22833K, committed 23552K, reserved 1048576K
GC Heap History (10 events):
Event: 7114.449 GC heap before
{Heap before GC invocations=212 (full 35):
 PSYoungGen      total 262656K, used 247570K [0x00000000eab00000, 0x0000000100000000, 0x0000000100000000)
  eden space 190464K, 100% used [0x00000000eab00000,0x00000000f6500000,0x00000000f6500000)
  from space 72192K, 79% used [0x00000000fb780000,0x00000000fef44bd8,0x00000000ffe00000)
  to   space 79360K, 0% used [0x00000000f6500000,0x00000000f6500000,0x00000000fb280000)
 ParOldGen       total 338944K, used 212679K [0x00000000c0000000, 0x00000000d4b00000, 0x00000000eab00000)
  object space 338944K, 62% used [0x00000000c0000000,0x00000000ccfb1e90,0x00000000d4b00000)
 Metaspace       used 129111K, capacity 137096K, committed 143104K, reserved 1169408K
  class space    used 18168K, capacity 20725K, committed 23552K, reserved 1048576K
Event: 7114.560 GC heap after
Heap after GC invocations=212 (full 35):
 PSYoungGen      total 269824K, used 14176K [0x00000000eab00000, 0x0000000100000000, 0x0000000100000000)
  eden space 190464K, 0% used [0x00000000eab00000,0x00000000eab00000,0x00000000f6500000)
  from space 79360K, 17% used [0x00000000f6500000,0x00000000f72d8000,0x00000000fb280000)
  to   space 76800K, 0% used [0x00000000fb500000,0x00000000fb500000,0x0000000100000000)
 ParOldGen       total 338944K, used 264916K [0x00000000c0000000, 0x00000000d4b00000, 0x00000000eab00000)
  object space 338944K, 78% used [0x00000000c0000000,0x00000000d02b5160,0x00000000d4b00000)
 Metaspace       used 129111K, capacity 137096K, committed 143104K, reserved 1169408K
  class space    used 18168K, capacity 20725K, committed 23552K, reserved 1048576K
}
Event: 7118.341 GC heap before
{Heap before GC invocations=213 (full 35):
 PSYoungGen      total 269824K, used 204640K [0x00000000eab00000, 0x0000000100000000, 0x0000000100000000)
  eden space 190464K, 100% used [0x00000000eab00000,0x00000000f6500000,0x00000000f6500000)
  from space 79360K, 17% used [0x00000000f6500000,0x00000000f72d8000,0x00000000fb280000)
  to   space 76800K, 0% used [0x00000000fb500000,0x00000000fb500000,0x0000000100000000)
 ParOldGen       total 338944K, used 264916K [0x00000000c0000000, 0x00000000d4b00000, 0x00000000eab00000)
  object space 338944K, 78% used [0x00000000c0000000,0x00000000d02b5160,0x00000000d4b00000)
 Metaspace       used 130003K, capacity 138052K, committed 143104K, reserved 1169408K
  class space    used 18332K, capacity 20961K, committed 23552K, reserved 1048576K
Event: 7118.366 GC heap after
Heap after GC invocations=213 (full 35):
 PSYoungGen      total 265216K, used 4513K [0x00000000eab00000, 0x00000000ffb80000, 0x0000000100000000)
  eden space 193024K, 0% used [0x00000000eab00000,0x00000000eab00000,0x00000000f6780000)
  from space 72192K, 6% used [0x00000000fb500000,0x00000000fb968670,0x00000000ffb80000)
  to   space 75776K, 0% used [0x00000000f6780000,0x00000000f6780000,0x00000000fb180000)
 ParOldGen       total 338944K, used 273940K [0x00000000c0000000, 0x00000000d4b00000, 0x00000000eab00000)
  object space 338944K, 80% used [0x00000000c0000000,0x00000000d0b85160,0x00000000d4b00000)
 Metaspace       used 130003K, capacity 138052K, committed 143104K, reserved 1169408K
  class space    used 18332K, capacity 20961K, committed 23552K, reserved 1048576K
}
Event: 7506.358 GC heap before
{Heap before GC invocations=214 (full 35):
 PSYoungGen      total 265216K, used 197537K [0x00000000eab00000, 0x00000000ffb80000, 0x0000000100000000)
  eden space 193024K, 100% used [0x00000000eab00000,0x00000000f6780000,0x00000000f6780000)
  from space 72192K, 6% used [0x00000000fb500000,0x00000000fb968670,0x00000000ffb80000)
  to   space 75776K, 0% used [0x00000000f6780000,0x00000000f6780000,0x00000000fb180000)
 ParOldGen       total 338944K, used 273940K [0x00000000c0000000, 0x00000000d4b00000, 0x00000000eab00000)
  object space 338944K, 80% used [0x00000000c0000000,0x00000000d0b85160,0x00000000d4b00000)
 Metaspace       used 135281K, capacity 143790K, committed 146432K, reserved 1171456K
  class space    used 19098K, capacity 21888K, committed 23552K, reserved 1048576K
Event: 7506.383 GC heap after
Heap after GC invocations=214 (full 35):
 PSYoungGen      total 268800K, used 19914K [0x00000000eab00000, 0x00000000ffb80000, 0x0000000100000000)
  eden space 193024K, 0% used [0x00000000eab00000,0x00000000eab00000,0x00000000f6780000)
  from space 75776K, 26% used [0x00000000f6780000,0x00000000f7af2b90,0x00000000fb180000)
  to   space 71680K, 0% used [0x00000000fb580000,0x00000000fb580000,0x00000000ffb80000)
 ParOldGen       total 338944K, used 277724K [0x00000000c0000000, 0x00000000d4b00000, 0x00000000eab00000)
  object space 338944K, 81% used [0x00000000c0000000,0x00000000d0f37170,0x00000000d4b00000)
 Metaspace       used 135281K, capacity 143790K, committed 146432K, reserved 1171456K
  class space    used 19098K, capacity 21888K, committed 23552K, reserved 1048576K
}
Event: 7507.525 GC heap before
{Heap before GC invocations=215 (full 35):
 PSYoungGen      total 268800K, used 212938K [0x00000000eab00000, 0x00000000ffb80000, 0x0000000100000000)
  eden space 193024K, 100% used [0x00000000eab00000,0x00000000f6780000,0x00000000f6780000)
  from space 75776K, 26% used [0x00000000f6780000,0x00000000f7af2b90,0x00000000fb180000)
  to   space 71680K, 0% used [0x00000000fb580000,0x00000000fb580000,0x00000000ffb80000)
 ParOldGen       total 338944K, used 277724K [0x00000000c0000000, 0x00000000d4b00000, 0x00000000eab00000)
  object space 338944K, 81% used [0x00000000c0000000,0x00000000d0f37170,0x00000000d4b00000)
 Metaspace       used 138628K, capacity 147486K, committed 148992K, reserved 1175552K
  class space    used 19643K, capacity 22597K, committed 23552K, reserved 1048576K
Event: 7507.556 GC heap after
Heap after GC invocations=215 (full 35):
 PSYoungGen      total 266752K, used 17737K [0x00000000eab00000, 0x00000000ff500000, 0x0000000100000000)
  eden space 201728K, 0% used [0x00000000eab00000,0x00000000eab00000,0x00000000f7000000)
  from space 65024K, 27% used [0x00000000fb580000,0x00000000fc6d2580,0x00000000ff500000)
  to   space 68096K, 0% used [0x00000000f7000000,0x00000000f7000000,0x00000000fb280000)
 ParOldGen       total 338944K, used 291791K [0x00000000c0000000, 0x00000000d4b00000, 0x00000000eab00000)
  object space 338944K, 86% used [0x00000000c0000000,0x00000000d1cf3f60,0x00000000d4b00000)
 Metaspace       used 138628K, capacity 147486K, committed 148992K, reserved 1175552K
  class space    used 19643K, capacity 22597K, committed 23552K, reserved 1048576K
}
Event: 7507.556 GC heap before
{Heap before GC invocations=216 (full 36):
 PSYoungGen      total 266752K, used 17737K [0x00000000eab00000, 0x00000000ff500000, 0x0000000100000000)
  eden space 201728K, 0% used [0x00000000eab00000,0x00000000eab00000,0x00000000f7000000)
  from space 65024K, 27% used [0x00000000fb580000,0x00000000fc6d2580,0x00000000ff500000)
  to   space 68096K, 0% used [0x00000000f7000000,0x00000000f7000000,0x00000000fb280000)
 ParOldGen       total 338944K, used 291791K [0x00000000c0000000, 0x00000000d4b00000, 0x00000000eab00000)
  object space 338944K, 86% used [0x00000000c0000000,0x00000000d1cf3f60,0x00000000d4b00000)
 Metaspace       used 138628K, capacity 147486K, committed 148992K, reserved 1175552K
  class space    used 19643K, capacity 22597K, committed 23552K, reserved 1048576K
Event: 7508.098 GC heap after
Heap after GC invocations=216 (full 36):
 PSYoungGen      total 266752K, used 0K [0x00000000eab00000, 0x00000000ff500000, 0x0000000100000000)
  eden space 201728K, 0% used [0x00000000eab00000,0x00000000eab00000,0x00000000f7000000)
  from space 65024K, 0% used [0x00000000fb580000,0x00000000fb580000,0x00000000ff500000)
  to   space 68096K, 0% used [0x00000000f7000000,0x00000000f7000000,0x00000000fb280000)
 ParOldGen       total 336896K, used 203590K [0x00000000c0000000, 0x00000000d4900000, 0x00000000eab00000)
  object space 336896K, 60% used [0x00000000c0000000,0x00000000cc6d1b40,0x00000000d4900000)
 Metaspace       used 138628K, capacity 147486K, committed 148992K, reserved 1175552K
  class space    used 19643K, capacity 22597K, committed 23552K, reserved 1048576K
}

