# JRE version: Java(TM) SE Runtime Environment (8.0_11-b12) (build 1.8.0_11-b12)
# Java VM: Java HotSpot(TM) 64-Bit Server VM (25.11-b03 mixed mode windows-amd64 compressed oops)
Heap:
 PSYoungGen      total 272384K, used 37359K [0x00000000eab00000, 0x0000000100000000, 0x0000000100000000)
  eden space 201728K, 9% used [0x00000000eab00000,0x00000000ebe45078,0x00000000f7000000)
  from space 70656K, 24% used [0x00000000fb180000,0x00000000fc2b6e58,0x00000000ff680000)
  to   space 67072K, 0% used [0x00000000f7000000,0x00000000f7000000,0x00000000fb180000)
 ParOldGen       total 497152K, used 176497K [0x00000000c0000000, 0x00000000de580000, 0x00000000eab00000)
  object space 497152K, 35% used [0x00000000c0000000,0x00000000cac5c648,0x00000000de580000)
 Metaspace       used 108762K, capacity 116938K, committed 227968K, reserved 1220608K
  class space    used 15302K, capacity 17887K, committed 55936K, reserved 1048576K
GC Heap History (10 events):
Event: 31214.629 GC heap before
{Heap before GC invocations=603 (full 82):
 PSYoungGen      total 272384K, used 207968K [0x00000000eab00000, 0x0000000100000000, 0x0000000100000000)
  eden space 193536K, 100% used [0x00000000eab00000,0x00000000f6800000,0x00000000f6800000)
  from space 78848K, 18% used [0x00000000fb300000,0x00000000fc118000,0x0000000100000000)
  to   space 76800K, 0% used [0x00000000f6800000,0x00000000f6800000,0x00000000fb300000)
 ParOldGen       total 497152K, used 389159K [0x00000000c0000000, 0x00000000de580000, 0x00000000eab00000)
  object space 497152K, 78% used [0x00000000c0000000,0x00000000d7c09dc0,0x00000000de580000)
 Metaspace       used 111102K, capacity 119606K, committed 227968K, reserved 1220608K
  class space    used 15690K, capacity 18376K, committed 55936K, reserved 1048576K
Event: 31214.658 GC heap after
Heap after GC invocations=603 (full 82):
 PSYoungGen      total 199680K, used 5871K [0x00000000eab00000, 0x00000000ffd00000, 0x0000000100000000)
  eden space 193536K, 0% used [0x00000000eab00000,0x00000000eab00000,0x00000000f6800000)
  from space 6144K, 95% used [0x00000000f6800000,0x00000000f6dbbf28,0x00000000f6e00000)
  to   space 76288K, 0% used [0x00000000fb280000,0x00000000fb280000,0x00000000ffd00000)
 ParOldGen       total 497152K, used 398463K [0x00000000c0000000, 0x00000000de580000, 0x00000000eab00000)
  object space 497152K, 80% used [0x00000000c0000000,0x00000000d851fdc0,0x00000000de580000)
 Metaspace       used 111102K, capacity 119606K, committed 227968K, reserved 1220608K
  class space    used 15690K, capacity 18376K, committed 55936K, reserved 1048576K
}
Event: 31215.219 GC heap before
{Heap before GC invocations=604 (full 82):
 PSYoungGen      total 199680K, used 24191K [0x00000000eab00000, 0x00000000ffd00000, 0x0000000100000000)
  eden space 193536K, 9% used [0x00000000eab00000,0x00000000ebce4048,0x00000000f6800000)
  from space 6144K, 95% used [0x00000000f6800000,0x00000000f6dbbf28,0x00000000f6e00000)
  to   space 76288K, 0% used [0x00000000fb280000,0x00000000fb280000,0x00000000ffd00000)
 ParOldGen       total 497152K, used 398463K [0x00000000c0000000, 0x00000000de580000, 0x00000000eab00000)
  object space 497152K, 80% used [0x00000000c0000000,0x00000000d851fdc0,0x00000000de580000)
 Metaspace       used 111819K, capacity 120284K, committed 227968K, reserved 1220608K
  class space    used 15811K, capacity 18474K, committed 55936K, reserved 1048576K
Event: 31215.232 GC heap after
Heap after GC invocations=604 (full 82):
 PSYoungGen      total 268800K, used 1120K [0x00000000eab00000, 0x00000000ffc00000, 0x0000000100000000)
  eden space 193536K, 0% used [0x00000000eab00000,0x00000000eab00000,0x00000000f6800000)
  from space 75264K, 1% used [0x00000000fb280000,0x00000000fb398000,0x00000000ffc00000)
  to   space 75776K, 0% used [0x00000000f6800000,0x00000000f6800000,0x00000000fb200000)
 ParOldGen       total 497152K, used 402754K [0x00000000c0000000, 0x00000000de580000, 0x00000000eab00000)
  object space 497152K, 81% used [0x00000000c0000000,0x00000000d8950998,0x00000000de580000)
 Metaspace       used 111819K, capacity 120284K, committed 227968K, reserved 1220608K
  class space    used 15811K, capacity 18474K, committed 55936K, reserved 1048576K
}
Event: 31215.232 GC heap before
{Heap before GC invocations=605 (full 83):
 PSYoungGen      total 268800K, used 1120K [0x00000000eab00000, 0x00000000ffc00000, 0x0000000100000000)
  eden space 193536K, 0% used [0x00000000eab00000,0x00000000eab00000,0x00000000f6800000)
  from space 75264K, 1% used [0x00000000fb280000,0x00000000fb398000,0x00000000ffc00000)
  to   space 75776K, 0% used [0x00000000f6800000,0x00000000f6800000,0x00000000fb200000)
 ParOldGen       total 497152K, used 402754K [0x00000000c0000000, 0x00000000de580000, 0x00000000eab00000)
  object space 497152K, 81% used [0x00000000c0000000,0x00000000d8950998,0x00000000de580000)
 Metaspace       used 111819K, capacity 120284K, committed 227968K, reserved 1220608K
  class space    used 15811K, capacity 18474K, committed 55936K, reserved 1048576K
Event: 31215.794 GC heap after
Heap after GC invocations=605 (full 83):
 PSYoungGen      total 268800K, used 0K [0x00000000eab00000, 0x00000000ffc00000, 0x0000000100000000)
  eden space 193536K, 0% used [0x00000000eab00000,0x00000000eab00000,0x00000000f6800000)
  from space 75264K, 0% used [0x00000000fb280000,0x00000000fb280000,0x00000000ffc00000)
  to   space 75776K, 0% used [0x00000000f6800000,0x00000000f6800000,0x00000000fb200000)
 ParOldGen       total 497152K, used 160534K [0x00000000c0000000, 0x00000000de580000, 0x00000000eab00000)
  object space 497152K, 32% used [0x00000000c0000000,0x00000000c9cc5b30,0x00000000de580000)
 Metaspace       used 100335K, capacity 107412K, committed 227968K, reserved 1220608K
  class space    used 13988K, capacity 16171K, committed 55936K, reserved 1048576K
}
Event: 31648.362 GC heap before
{Heap before GC invocations=606 (full 83):
 PSYoungGen      total 268800K, used 193536K [0x00000000eab00000, 0x00000000ffc00000, 0x0000000100000000)
  eden space 193536K, 100% used [0x00000000eab00000,0x00000000f6800000,0x00000000f6800000)
  from space 75264K, 0% used [0x00000000fb280000,0x00000000fb280000,0x00000000ffc00000)
  to   space 75776K, 0% used [0x00000000f6800000,0x00000000f6800000,0x00000000fb200000)
 ParOldGen       total 497152K, used 160534K [0x00000000c0000000, 0x00000000de580000, 0x00000000eab00000)
  object space 497152K, 32% used [0x00000000c0000000,0x00000000c9cc5b30,0x00000000de580000)
 Metaspace       used 105861K, capacity 113430K, committed 227968K, reserved 1220608K
  class space    used 14786K, capacity 17169K, committed 55936K, reserved 1048576K
Event: 31648.380 GC heap after
Heap after GC invocations=606 (full 83):
 PSYoungGen      total 215552K, used 21782K [0x00000000eab00000, 0x00000000ff680000, 0x0000000100000000)
  eden space 193536K, 0% used [0x00000000eab00000,0x00000000eab00000,0x00000000f6800000)
  from space 22016K, 98% used [0x00000000f6800000,0x00000000f7d45840,0x00000000f7d80000)
  to   space 70656K, 0% used [0x00000000fb180000,0x00000000fb180000,0x00000000ff680000)
 ParOldGen       total 497152K, used 160542K [0x00000000c0000000, 0x00000000de580000, 0x00000000eab00000)
  object space 497152K, 32% used [0x00000000c0000000,0x00000000c9cc7b30,0x00000000de580000)
 Metaspace       used 105861K, capacity 113430K, committed 227968K, reserved 1220608K
  class space    used 14786K, capacity 17169K, committed 55936K, reserved 1048576K
}
Event: 31649.400 GC heap before
{Heap before GC invocations=607 (full 83):
 PSYoungGen      total 215552K, used 215318K [0x00000000eab00000, 0x00000000ff680000, 0x0000000100000000)
  eden space 193536K, 100% used [0x00000000eab00000,0x00000000f6800000,0x00000000f6800000)
  from space 22016K, 98% used [0x00000000f6800000,0x00000000f7d45840,0x00000000f7d80000)
  to   space 70656K, 0% used [0x00000000fb180000,0x00000000fb180000,0x00000000ff680000)
 ParOldGen       total 497152K, used 160542K [0x00000000c0000000, 0x00000000de580000, 0x00000000eab00000)
  object space 497152K, 32% used [0x00000000c0000000,0x00000000c9cc7b30,0x00000000de580000)
 Metaspace       used 108661K, capacity 116766K, committed 227968K, reserved 1220608K
  class space    used 15271K, capacity 17859K, committed 55936K, reserved 1048576K
Event: 31649.433 GC heap after
Heap after GC invocations=607 (full 83):
 PSYoungGen      total 272384K, used 17627K [0x00000000eab00000, 0x0000000100000000, 0x0000000100000000)
  eden space 201728K, 0% used [0x00000000eab00000,0x00000000eab00000,0x00000000f7000000)
  from space 70656K, 24% used [0x00000000fb180000,0x00000000fc2b6e58,0x00000000ff680000)
  to   space 67072K, 0% used [0x00000000f7000000,0x00000000f7000000,0x00000000fb180000)
 ParOldGen       total 497152K, used 176497K [0x00000000c0000000, 0x00000000de580000, 0x00000000eab00000)
  object space 497152K, 35% used [0x00000000c0000000,0x00000000cac5c648,0x00000000de580000)
 Metaspace       used 108661K, capacity 116766K, committed 227968K, reserved 1220608K
  class space    used 15271K, capacity 17859K, committed 55936K, reserved 1048576K
}

