# JRE version: Java(TM) SE Runtime Environment (8.0_11-b12) (build 1.8.0_11-b12)
# Java VM: Java HotSpot(TM) 64-Bit Server VM (25.11-b03 mixed mode windows-amd64 compressed oops)
Heap:
 PSYoungGen      total 272384K, used 53546K [0x00000000eab00000, 0x00000000ffd00000, 0x0000000100000000)
  eden space 202752K, 9% used [0x00000000eab00000,0x00000000ebe34b60,0x00000000f7100000)
  from space 69632K, 48% used [0x00000000f7100000,0x00000000f9215d90,0x00000000fb500000)
  to   space 68096K, 0% used [0x00000000fba80000,0x00000000fba80000,0x00000000ffd00000)
 ParOldGen       total 596992K, used 361427K [0x00000000c0000000, 0x00000000e4700000, 0x00000000eab00000)
  object space 596992K, 60% used [0x00000000c0000000,0x00000000d60f4c68,0x00000000e4700000)
 Metaspace       used 266502K, capacity 288268K, committed 289792K, reserved 1292288K
  class space    used 38684K, capacity 45646K, committed 46080K, reserved 1048576K
GC Heap History (10 events):
Event: 13409.022 GC heap before
{Heap before GC invocations=315 (full 51):
 PSYoungGen      total 273920K, used 198656K [0x00000000eab00000, 0x0000000100000000, 0x0000000100000000)
  eden space 198656K, 100% used [0x00000000eab00000,0x00000000f6d00000,0x00000000f6d00000)
  from space 75264K, 0% used [0x00000000f6d00000,0x00000000f6d00000,0x00000000fb680000)
  to   space 74752K, 0% used [0x00000000fb700000,0x00000000fb700000,0x0000000100000000)
 ParOldGen       total 596992K, used 452544K [0x00000000c0000000, 0x00000000e4700000, 0x00000000eab00000)
  object space 596992K, 75% used [0x00000000c0000000,0x00000000db9f0220,0x00000000e4700000)
 Metaspace       used 256476K, capacity 277068K, committed 279936K, reserved 1284096K
  class space    used 37083K, capacity 43598K, committed 44672K, reserved 1048576K
Event: 13409.092 GC heap after
Heap after GC invocations=315 (full 51):
 PSYoungGen      total 270336K, used 13968K [0x00000000eab00000, 0x00000000ffc80000, 0x0000000100000000)
  eden space 199168K, 0% used [0x00000000eab00000,0x00000000eab00000,0x00000000f6d80000)
  from space 71168K, 19% used [0x00000000fb700000,0x00000000fc4a4248,0x00000000ffc80000)
  to   space 73216K, 0% used [0x00000000f6d80000,0x00000000f6d80000,0x00000000fb500000)
 ParOldGen       total 596992K, used 452544K [0x00000000c0000000, 0x00000000e4700000, 0x00000000eab00000)
  object space 596992K, 75% used [0x00000000c0000000,0x00000000db9f0220,0x00000000e4700000)
 Metaspace       used 256476K, capacity 277068K, committed 279936K, reserved 1284096K
  class space    used 37083K, capacity 43598K, committed 44672K, reserved 1048576K
}
Event: 13471.008 GC heap before
{Heap before GC invocations=316 (full 51):
 PSYoungGen      total 270336K, used 169265K [0x00000000eab00000, 0x00000000ffc80000, 0x0000000100000000)
  eden space 199168K, 77% used [0x00000000eab00000,0x00000000f42a81d8,0x00000000f6d80000)
  from space 71168K, 19% used [0x00000000fb700000,0x00000000fc4a4248,0x00000000ffc80000)
  to   space 73216K, 0% used [0x00000000f6d80000,0x00000000f6d80000,0x00000000fb500000)
 ParOldGen       total 596992K, used 452544K [0x00000000c0000000, 0x00000000e4700000, 0x00000000eab00000)
  object space 596992K, 75% used [0x00000000c0000000,0x00000000db9f0220,0x00000000e4700000)
 Metaspace       used 258124K, capacity 278784K, committed 281216K, reserved 1286144K
  class space    used 37372K, capacity 43936K, committed 44672K, reserved 1048576K
Event: 13471.036 GC heap after
Heap after GC invocations=316 (full 51):
 PSYoungGen      total 272384K, used 4424K [0x00000000eab00000, 0x00000000ffc80000, 0x0000000100000000)
  eden space 199168K, 0% used [0x00000000eab00000,0x00000000eab00000,0x00000000f6d80000)
  from space 73216K, 6% used [0x00000000f6d80000,0x00000000f71d2158,0x00000000fb500000)
  to   space 73216K, 0% used [0x00000000fb500000,0x00000000fb500000,0x00000000ffc80000)
 ParOldGen       total 596992K, used 461664K [0x00000000c0000000, 0x00000000e4700000, 0x00000000eab00000)
  object space 596992K, 77% used [0x00000000c0000000,0x00000000dc2d8220,0x00000000e4700000)
 Metaspace       used 258124K, capacity 278784K, committed 281216K, reserved 1286144K
  class space    used 37372K, capacity 43936K, committed 44672K, reserved 1048576K
}
Event: 13471.036 GC heap before
{Heap before GC invocations=317 (full 52):
 PSYoungGen      total 272384K, used 4424K [0x00000000eab00000, 0x00000000ffc80000, 0x0000000100000000)
  eden space 199168K, 0% used [0x00000000eab00000,0x00000000eab00000,0x00000000f6d80000)
  from space 73216K, 6% used [0x00000000f6d80000,0x00000000f71d2158,0x00000000fb500000)
  to   space 73216K, 0% used [0x00000000fb500000,0x00000000fb500000,0x00000000ffc80000)
 ParOldGen       total 596992K, used 461664K [0x00000000c0000000, 0x00000000e4700000, 0x00000000eab00000)
  object space 596992K, 77% used [0x00000000c0000000,0x00000000dc2d8220,0x00000000e4700000)
 Metaspace       used 258124K, capacity 278784K, committed 281216K, reserved 1286144K
  class space    used 37372K, capacity 43936K, committed 44672K, reserved 1048576K
Event: 13472.337 GC heap after
Heap after GC invocations=317 (full 52):
 PSYoungGen      total 272384K, used 0K [0x00000000eab00000, 0x00000000ffc80000, 0x0000000100000000)
  eden space 199168K, 0% used [0x00000000eab00000,0x00000000eab00000,0x00000000f6d80000)
  from space 73216K, 0% used [0x00000000f6d80000,0x00000000f6d80000,0x00000000fb500000)
  to   space 73216K, 0% used [0x00000000fb500000,0x00000000fb500000,0x00000000ffc80000)
 ParOldGen       total 596992K, used 361419K [0x00000000c0000000, 0x00000000e4700000, 0x00000000eab00000)
  object space 596992K, 60% used [0x00000000c0000000,0x00000000d60f2c68,0x00000000e4700000)
 Metaspace       used 258061K, capacity 278682K, committed 281216K, reserved 1286144K
  class space    used 37363K, capacity 43919K, committed 44672K, reserved 1048576K
}
Event: 13663.226 GC heap before
{Heap before GC invocations=318 (full 52):
 PSYoungGen      total 272384K, used 199168K [0x00000000eab00000, 0x00000000ffc80000, 0x0000000100000000)
  eden space 199168K, 100% used [0x00000000eab00000,0x00000000f6d80000,0x00000000f6d80000)
  from space 73216K, 0% used [0x00000000f6d80000,0x00000000f6d80000,0x00000000fb500000)
  to   space 73216K, 0% used [0x00000000fb500000,0x00000000fb500000,0x00000000ffc80000)
 ParOldGen       total 596992K, used 361419K [0x00000000c0000000, 0x00000000e4700000, 0x00000000eab00000)
  object space 596992K, 60% used [0x00000000c0000000,0x00000000d60f2c68,0x00000000e4700000)
 Metaspace       used 263507K, capacity 284648K, committed 286976K, reserved 1290240K
  class space    used 38149K, capacity 44919K, committed 45568K, reserved 1048576K
Event: 13663.245 GC heap after
Heap after GC invocations=318 (full 52):
 PSYoungGen      total 272384K, used 21506K [0x00000000eab00000, 0x00000000ff900000, 0x0000000100000000)
  eden space 202752K, 0% used [0x00000000eab00000,0x00000000eab00000,0x00000000f7100000)
  from space 69632K, 30% used [0x00000000fb500000,0x00000000fca009a0,0x00000000ff900000)
  to   space 69632K, 0% used [0x00000000f7100000,0x00000000f7100000,0x00000000fb500000)
 ParOldGen       total 596992K, used 361419K [0x00000000c0000000, 0x00000000e4700000, 0x00000000eab00000)
  object space 596992K, 60% used [0x00000000c0000000,0x00000000d60f2c68,0x00000000e4700000)
 Metaspace       used 263507K, capacity 284648K, committed 286976K, reserved 1290240K
  class space    used 38149K, capacity 44919K, committed 45568K, reserved 1048576K
}
Event: 13664.509 GC heap before
{Heap before GC invocations=319 (full 52):
 PSYoungGen      total 272384K, used 224258K [0x00000000eab00000, 0x00000000ff900000, 0x0000000100000000)
  eden space 202752K, 100% used [0x00000000eab00000,0x00000000f7100000,0x00000000f7100000)
  from space 69632K, 30% used [0x00000000fb500000,0x00000000fca009a0,0x00000000ff900000)
  to   space 69632K, 0% used [0x00000000f7100000,0x00000000f7100000,0x00000000fb500000)
 ParOldGen       total 596992K, used 361419K [0x00000000c0000000, 0x00000000e4700000, 0x00000000eab00000)
  object space 596992K, 60% used [0x00000000c0000000,0x00000000d60f2c68,0x00000000e4700000)
 Metaspace       used 266421K, capacity 288090K, committed 289792K, reserved 1292288K
  class space    used 38660K, capacity 45621K, committed 46080K, reserved 1048576K
Event: 13664.538 GC heap after
Heap after GC invocations=319 (full 52):
 PSYoungGen      total 272384K, used 33879K [0x00000000eab00000, 0x00000000ffd00000, 0x0000000100000000)
  eden space 202752K, 0% used [0x00000000eab00000,0x00000000eab00000,0x00000000f7100000)
  from space 69632K, 48% used [0x00000000f7100000,0x00000000f9215d90,0x00000000fb500000)
  to   space 68096K, 0% used [0x00000000fba80000,0x00000000fba80000,0x00000000ffd00000)
 ParOldGen       total 596992K, used 361427K [0x00000000c0000000, 0x00000000e4700000, 0x00000000eab00000)
  object space 596992K, 60% used [0x00000000c0000000,0x00000000d60f4c68,0x00000000e4700000)
 Metaspace       used 266421K, capacity 288090K, committed 289792K, reserved 1292288K
  class space    used 38660K, capacity 45621K, committed 46080K, reserved 1048576K
}

