# JRE version: Java(TM) SE Runtime Environment (8.0_11-b12) (build 1.8.0_11-b12)
# Java VM: Java HotSpot(TM) 64-Bit Server VM (25.11-b03 mixed mode windows-amd64 compressed oops)
Heap:
 PSYoungGen      total 282112K, used 204906K [0x00000000eab00000, 0x00000000ffb00000, 0x0000000100000000)
  eden space 223744K, 80% used [0x00000000eab00000,0x00000000f5b37a98,0x00000000f8580000)
  from space 58368K, 41% used [0x00000000fbc80000,0x00000000fd462e30,0x00000000ff580000)
  to   space 56320K, 0% used [0x00000000f8580000,0x00000000f8580000,0x00000000fbc80000)
 ParOldGen       total 619008K, used 341911K [0x00000000c0000000, 0x00000000e5c80000, 0x00000000eab00000)
  object space 619008K, 55% used [0x00000000c0000000,0x00000000d4de5f08,0x00000000e5c80000)
 Metaspace       used 352001K, capacity 368192K, committed 368640K, reserved 1361920K
  class space    used 50477K, capacity 55877K, committed 56064K, reserved 1048576K
GC Heap History (10 events):
Event: 14258.824 GC heap before
{Heap before GC invocations=477 (full 64):
 PSYoungGen      total 271872K, used 212363K [0x00000000eab00000, 0x00000000ff880000, 0x0000000100000000)
  eden space 204288K, 100% used [0x00000000eab00000,0x00000000f7280000,0x00000000f7280000)
  from space 67584K, 11% used [0x00000000fb280000,0x00000000fba62de8,0x00000000ff480000)
  to   space 65536K, 0% used [0x00000000f7280000,0x00000000f7280000,0x00000000fb280000)
 ParOldGen       total 619008K, used 329167K [0x00000000c0000000, 0x00000000e5c80000, 0x00000000eab00000)
  object space 619008K, 53% used [0x00000000c0000000,0x00000000d4173cf8,0x00000000e5c80000)
 Metaspace       used 339959K, capacity 354118K, committed 355968K, reserved 1351680K
  class space    used 48518K, capacity 53229K, committed 53888K, reserved 1048576K
Event: 14258.848 GC heap after
Heap after GC invocations=477 (full 64):
 PSYoungGen      total 269824K, used 24145K [0x00000000eab00000, 0x00000000ff700000, 0x0000000100000000)
  eden space 204288K, 0% used [0x00000000eab00000,0x00000000eab00000,0x00000000f7280000)
  from space 65536K, 36% used [0x00000000f7280000,0x00000000f8a14530,0x00000000fb280000)
  to   space 61952K, 0% used [0x00000000fba80000,0x00000000fba80000,0x00000000ff700000)
 ParOldGen       total 619008K, used 334576K [0x00000000c0000000, 0x00000000e5c80000, 0x00000000eab00000)
  object space 619008K, 54% used [0x00000000c0000000,0x00000000d46bc030,0x00000000e5c80000)
 Metaspace       used 339959K, capacity 354118K, committed 355968K, reserved 1351680K
  class space    used 48518K, capacity 53229K, committed 53888K, reserved 1048576K
}
Event: 14260.439 GC heap before
{Heap before GC invocations=478 (full 64):
 PSYoungGen      total 269824K, used 228433K [0x00000000eab00000, 0x00000000ff700000, 0x0000000100000000)
  eden space 204288K, 100% used [0x00000000eab00000,0x00000000f7280000,0x00000000f7280000)
  from space 65536K, 36% used [0x00000000f7280000,0x00000000f8a14530,0x00000000fb280000)
  to   space 61952K, 0% used [0x00000000fba80000,0x00000000fba80000,0x00000000ff700000)
 ParOldGen       total 619008K, used 334576K [0x00000000c0000000, 0x00000000e5c80000, 0x00000000eab00000)
  object space 619008K, 54% used [0x00000000c0000000,0x00000000d46bc030,0x00000000e5c80000)
 Metaspace       used 342408K, capacity 357252K, committed 358400K, reserved 1353728K
  class space    used 48943K, capacity 53851K, committed 54272K, reserved 1048576K
Event: 14260.471 GC heap after
Heap after GC invocations=478 (full 64):
 PSYoungGen      total 280576K, used 14433K [0x00000000eab00000, 0x00000000ff780000, 0x0000000100000000)
  eden space 218624K, 0% used [0x00000000eab00000,0x00000000eab00000,0x00000000f8080000)
  from space 61952K, 23% used [0x00000000fba80000,0x00000000fc898440,0x00000000ff700000)
  to   space 59392K, 0% used [0x00000000f8080000,0x00000000f8080000,0x00000000fba80000)
 ParOldGen       total 619008K, used 353482K [0x00000000c0000000, 0x00000000e5c80000, 0x00000000eab00000)
  object space 619008K, 57% used [0x00000000c0000000,0x00000000d5932b18,0x00000000e5c80000)
 Metaspace       used 342408K, capacity 357252K, committed 358400K, reserved 1353728K
  class space    used 48943K, capacity 53851K, committed 54272K, reserved 1048576K
}
Event: 14263.986 GC heap before
{Heap before GC invocations=479 (full 64):
 PSYoungGen      total 280576K, used 100914K [0x00000000eab00000, 0x00000000ff780000, 0x0000000100000000)
  eden space 218624K, 39% used [0x00000000eab00000,0x00000000eff74590,0x00000000f8080000)
  from space 61952K, 23% used [0x00000000fba80000,0x00000000fc898440,0x00000000ff700000)
  to   space 59392K, 0% used [0x00000000f8080000,0x00000000f8080000,0x00000000fba80000)
 ParOldGen       total 619008K, used 353482K [0x00000000c0000000, 0x00000000e5c80000, 0x00000000eab00000)
  object space 619008K, 57% used [0x00000000c0000000,0x00000000d5932b18,0x00000000e5c80000)
 Metaspace       used 343608K, capacity 358718K, committed 359680K, reserved 1353728K
  class space    used 49165K, capacity 54159K, committed 54528K, reserved 1048576K
Event: 14264.003 GC heap after
Heap after GC invocations=479 (full 64):
 PSYoungGen      total 278016K, used 3959K [0x00000000eab00000, 0x00000000ff580000, 0x0000000100000000)
  eden space 218624K, 0% used [0x00000000eab00000,0x00000000eab00000,0x00000000f8080000)
  from space 59392K, 6% used [0x00000000f8080000,0x00000000f845ddf0,0x00000000fba80000)
  to   space 58368K, 0% used [0x00000000fbc80000,0x00000000fbc80000,0x00000000ff580000)
 ParOldGen       total 619008K, used 365935K [0x00000000c0000000, 0x00000000e5c80000, 0x00000000eab00000)
  object space 619008K, 59% used [0x00000000c0000000,0x00000000d655bd68,0x00000000e5c80000)
 Metaspace       used 343608K, capacity 358718K, committed 359680K, reserved 1353728K
  class space    used 49165K, capacity 54159K, committed 54528K, reserved 1048576K
}
Event: 14264.003 GC heap before
{Heap before GC invocations=480 (full 65):
 PSYoungGen      total 278016K, used 3959K [0x00000000eab00000, 0x00000000ff580000, 0x0000000100000000)
  eden space 218624K, 0% used [0x00000000eab00000,0x00000000eab00000,0x00000000f8080000)
  from space 59392K, 6% used [0x00000000f8080000,0x00000000f845ddf0,0x00000000fba80000)
  to   space 58368K, 0% used [0x00000000fbc80000,0x00000000fbc80000,0x00000000ff580000)
 ParOldGen       total 619008K, used 365935K [0x00000000c0000000, 0x00000000e5c80000, 0x00000000eab00000)
  object space 619008K, 59% used [0x00000000c0000000,0x00000000d655bd68,0x00000000e5c80000)
 Metaspace       used 343608K, capacity 358718K, committed 359680K, reserved 1353728K
  class space    used 49165K, capacity 54159K, committed 54528K, reserved 1048576K
Event: 14265.021 GC heap after
Heap after GC invocations=480 (full 65):
 PSYoungGen      total 278016K, used 0K [0x00000000eab00000, 0x00000000ff580000, 0x0000000100000000)
  eden space 218624K, 0% used [0x00000000eab00000,0x00000000eab00000,0x00000000f8080000)
  from space 59392K, 0% used [0x00000000f8080000,0x00000000f8080000,0x00000000fba80000)
  to   space 58368K, 0% used [0x00000000fbc80000,0x00000000fbc80000,0x00000000ff580000)
 ParOldGen       total 619008K, used 341911K [0x00000000c0000000, 0x00000000e5c80000, 0x00000000eab00000)
  object space 619008K, 55% used [0x00000000c0000000,0x00000000d4de5f08,0x00000000e5c80000)
 Metaspace       used 343608K, capacity 358718K, committed 359680K, reserved 1353728K
  class space    used 49165K, capacity 54159K, committed 54528K, reserved 1048576K
}
Event: 14968.009 GC heap before
{Heap before GC invocations=481 (full 65):
 PSYoungGen      total 278016K, used 218624K [0x00000000eab00000, 0x00000000ff580000, 0x0000000100000000)
  eden space 218624K, 100% used [0x00000000eab00000,0x00000000f8080000,0x00000000f8080000)
  from space 59392K, 0% used [0x00000000f8080000,0x00000000f8080000,0x00000000fba80000)
  to   space 58368K, 0% used [0x00000000fbc80000,0x00000000fbc80000,0x00000000ff580000)
 ParOldGen       total 619008K, used 341911K [0x00000000c0000000, 0x00000000e5c80000, 0x00000000eab00000)
  object space 619008K, 55% used [0x00000000c0000000,0x00000000d4de5f08,0x00000000e5c80000)
 Metaspace       used 349616K, capacity 365292K, committed 365824K, reserved 1359872K
  class space    used 50044K, capacity 55250K, committed 55552K, reserved 1048576K
Event: 14968.032 GC heap after
Heap after GC invocations=481 (full 65):
 PSYoungGen      total 282112K, used 24459K [0x00000000eab00000, 0x00000000ffb00000, 0x0000000100000000)
  eden space 223744K, 0% used [0x00000000eab00000,0x00000000eab00000,0x00000000f8580000)
  from space 58368K, 41% used [0x00000000fbc80000,0x00000000fd462e30,0x00000000ff580000)
  to   space 56320K, 0% used [0x00000000f8580000,0x00000000f8580000,0x00000000fbc80000)
 ParOldGen       total 619008K, used 341911K [0x00000000c0000000, 0x00000000e5c80000, 0x00000000eab00000)
  object space 619008K, 55% used [0x00000000c0000000,0x00000000d4de5f08,0x00000000e5c80000)
 Metaspace       used 349616K, capacity 365292K, committed 365824K, reserved 1359872K
  class space    used 50044K, capacity 55250K, committed 55552K, reserved 1048576K
}

